<?xml version="1.0" encoding="UTF-8"?>
<!-- Generated by org.testng.reporters.JUnitXMLReporter -->
<testsuite hostname="HVDIVD27GA41104" ignored="0" name="carloan" tests="5" failures="0" timestamp="24 Jun 2019 19:06:57 GMT" time="0.047" errors="0">
  <testcase name="carapiLogin" time="0.008" classname="test.carloan"/>
  <testcase name="carmobileLogin" time="0.004" classname="test.carloan"/>
  <testcase name="carmobileLogin" time="0.001" classname="test.carloan"/>
  <testcase name="carmobileLogin" time="0.0" classname="test.carloan"/>
  <testcase name="carwebLogin" time="0.0" classname="test.carloan"/>
</testsuite> <!-- carloan -->
