<?xml version="1.0" encoding="UTF-8"?>
<!-- Generated by org.testng.reporters.JUnitXMLReporter -->
<testsuite hostname="HVDIVD27GA41104" ignored="1" name="personalloan" tests="3" failures="0" timestamp="24 Jun 2019 19:06:57 GMT" time="0.006" errors="0">
  <testcase name="personalapiLogin" time="0.001" classname="test.personalloan"/>
  <testcase name="personalmobileLogin" time="0.001" classname="test.personalloan"/>
  <testcase name="personalwebLogin" time="0.001" classname="test.personalloan"/>
  <testcase name="notpersonalapiLogin" time="0.0" classname="test.personalloan">
    <ignored/>
  </testcase> <!-- notpersonalapiLogin -->
</testsuite> <!-- personalloan -->
