<?xml version="1.0" encoding="UTF-8"?>
<!-- Generated by org.testng.reporters.JUnitXMLReporter -->
<testsuite hostname="HVDIVD27GA41104" ignored="1" name="Default test" tests="2" failures="0" timestamp="21 Jun 2019 03:16:08 GMT" time="0.047" errors="0">
  <testcase name="homeapiLogin" time="0.005" classname="test.homeloan"/>
  <testcase name="homewebLogin" time="0.001" classname="test.homeloan"/>
  <testcase name="homemobileLogin" time="0.0" classname="test.homeloan">
    <ignored/>
  </testcase> <!-- homemobileLogin -->
</testsuite> <!-- Default test -->
