<?xml version="1.0" encoding="UTF-8"?>
<!-- Generated by org.testng.reporters.JUnitXMLReporter -->
<testsuite hostname="HVDIVD27GA41104" ignored="0" name="Test" tests="12" failures="0" timestamp="20 Jun 2019 22:28:12 GMT" time="0.065" errors="0">
  <testcase name="carapiLogin" time="0.012" classname="test.carloan"/>
  <testcase name="carmobileLogin" time="0.001" classname="test.carloan"/>
  <testcase name="carwebLogin" time="0.001" classname="test.carloan"/>
  <testcase name="homeapiLogin" time="0.001" classname="test.homeloan"/>
  <testcase name="homemobileLogin" time="0.0" classname="test.homeloan"/>
  <testcase name="homewebLogin" time="0.001" classname="test.homeloan"/>
  <testcase name="notpersonalapiLogin" time="0.001" classname="test.personalloan"/>
  <testcase name="personalapiLogin" time="0.0" classname="test.personalloan"/>
  <testcase name="personalmobileLogin" time="0.0" classname="test.personalloan"/>
  <testcase name="personalwebLogin" time="0.001" classname="test.personalloan"/>
  <testcase name="demo" time="0.0" classname="test.testNG1"/>
  <testcase name="demo1" time="0.001" classname="test.testNG1"/>
</testsuite> <!-- Test -->
